[debug] [2021-10-29T22:22:15.579Z] ----------------------------------------------------------------------
[debug] [2021-10-29T22:22:15.585Z] Command:       C:\Program Files\nodejs\node.exe C:\Users\tarek\AppData\Roaming\npm\node_modules\firebase-tools\lib\bin\firebase.js init
[debug] [2021-10-29T22:22:15.587Z] CLI Version:   9.21.0
[debug] [2021-10-29T22:22:15.587Z] Platform:      win32
[debug] [2021-10-29T22:22:15.588Z] Node Version:  v14.16.0
[debug] [2021-10-29T22:22:15.591Z] Time:          Sat Oct 30 2021 00:22:15 GMT+0200 (heure d’été d’Europe centrale)
[debug] [2021-10-29T22:22:15.592Z] ----------------------------------------------------------------------
[debug] 
[debug] [2021-10-29T22:22:15.616Z] > command requires scopes: ["email","openid","https://www.googleapis.com/auth/cloudplatformprojects.readonly","https://www.googleapis.com/auth/firebase","https://www.googleapis.com/auth/cloud-platform"]
[debug] [2021-10-29T22:22:15.617Z] > authorizing via signed-in user (tarektamin@outlook.fr)
[info] 
     ######## #### ########  ######## ########     ###     ######  ########
     ##        ##  ##     ## ##       ##     ##  ##   ##  ##       ##
     ######    ##  ########  ######   ########  #########  ######  ######
     ##        ##  ##    ##  ##       ##     ## ##     ##       ## ##
     ##       #### ##     ## ######## ########  ##     ##  ######  ########

You're about to initialize a Firebase project in this directory:

  C:\Users\tarek\Desktop\Izoner

[info] 
=== Project Setup
[info] 
[info] First, let's associate this project directory with a Firebase project.
[info] You can create multiple project aliases by running firebase use --add, 
[info] but for now we'll just set up a default project.
[info] 
[debug] [2021-10-29T22:23:07.329Z] >>> [apiv2][query] GET https://firebase.googleapis.com/v1beta1/projects pageSize=100
[debug] [2021-10-29T22:23:08.182Z] <<< [apiv2][status] GET https://firebase.googleapis.com/v1beta1/projects 200
[debug] [2021-10-29T22:23:08.183Z] <<< [apiv2][body] GET https://firebase.googleapis.com/v1beta1/projects [omitted]
[info] i  Using project lockzone-8d29e (LockZone) 
[info] 
=== Hosting Setup
[info] 
[info] Your public directory is the folder (relative to your project directory) that
[info] will contain Hosting assets to be uploaded with firebase deploy. If you
[info] have a build process for your assets, use your build's output directory.
[info] 
[debug] [2021-10-29T22:23:50.439Z] >>> [apiv2][query] GET https://www.gstatic.com/firebasejs/releases.json [none]
[debug] [2021-10-29T22:23:50.794Z] <<< [apiv2][status] GET https://www.gstatic.com/firebasejs/releases.json 200
[debug] [2021-10-29T22:23:50.794Z] <<< [apiv2][body] GET https://www.gstatic.com/firebasejs/releases.json {"current":{"version":"9.2.0","browserURL":"https://www.gstatic.com/firebasejs/9.2.0/firebase.js","packageURL":"https://www.gstatic.com/firebasejs/9.2.0/firebase.tgz"},"live":{"version":"9.2","browserURL":"https://www.gstatic.com/firebasejs/live/9.2/firebase.js","packageURL":"https://www.gstatic.com/firebasejs/live/9.2/firebase.tgz"},"components":{"analytics":"https://www.gstatic.com/firebasejs/9.2.0/firebase-analytics.js","app":"https://www.gstatic.com/firebasejs/9.2.0/firebase-app.js","app-check":"https://www.gstatic.com/firebasejs/9.2.0/firebase-app-check.js","auth":"https://www.gstatic.com/firebasejs/9.2.0/firebase-auth.js","auth/cordova":"https://www.gstatic.com/firebasejs/9.2.0/firebase-auth/cordova.js","auth/react-native":"https://www.gstatic.com/firebasejs/9.2.0/firebase-auth/react-native.js","functions":"https://www.gstatic.com/firebasejs/9.2.0/firebase-functions.js","firestore":"https://www.gstatic.com/firebasejs/9.2.0/firebase-firestore.js","firestore/lite":"https://www.gstatic.com/firebasejs/9.2.0/firebase-firestore/lite.js","storage":"https://www.gstatic.com/firebasejs/9.2.0/firebase-storage.js","performance":"https://www.gstatic.com/firebasejs/9.2.0/firebase-performance.js","remote-config":"https://www.gstatic.com/firebasejs/9.2.0/firebase-remote-config.js","messaging":"https://www.gstatic.com/firebasejs/9.2.0/firebase-messaging.js","messaging/sw":"https://www.gstatic.com/firebasejs/9.2.0/firebase-messaging/sw.js","database":"https://www.gstatic.com/firebasejs/9.2.0/firebase-database.js","firestore.memory":"https://www.gstatic.com/firebasejs/9.2.0/firebase-firestore.memory.js"}}
[info] +  Wrote n/index.html 
[info] 
[info] i  Didn't detect a .git folder. Assuming C:\Users\tarek\Desktop\Izoner is the project root. 
[info] i  Authorizing with GitHub to upload your service account to a GitHub repository's secrets store. 
[info] 
[info] Visit this URL on this device to log in:
[info] https://github.com/login/oauth/authorize?client_id=89cf50f02ac6aaed3484&state=415027158&redirect_uri=http%3A%2F%2Flocalhost%3A9005&scope=read%3Auser%20repo%20public_repo
[info] 
[info] Waiting for authentication...
[debug] [2021-10-29T22:24:01.613Z] >>> HTTP REQUEST POST https://github.com/login/oauth/access_token  
 {"client_id":"89cf50f02ac6aaed3484","client_secret":"3330d14abc895d9a74d5f17cd7a00711fa2c5bf0","code":"453215d7c374f15007b7","redirect_uri":"http://localhost:9005","state":"415027158"}
[debug] [2021-10-29T22:24:01.930Z] <<< HTTP RESPONSE 200 {"server":"GitHub.com","date":"Fri, 29 Oct 2021 22:24:01 GMT","content-type":"application/json; charset=utf-8","transfer-encoding":"chunked","vary":"X-PJAX, X-PJAX-Container, Accept-Encoding, Accept, X-Requested-With","permissions-policy":"interest-cohort=()","etag":"W/\"387c276ac1628d7cd968065a5dd182a4\"","cache-control":"max-age=0, private, must-revalidate","strict-transport-security":"max-age=31536000; includeSubdomains; preload","x-frame-options":"deny","x-content-type-options":"nosniff","x-xss-protection":"0","referrer-policy":"origin-when-cross-origin, strict-origin-when-cross-origin","expect-ct":"max-age=2592000, report-uri=\"https://api.github.com/_private/browser/errors\"","content-security-policy":"default-src 'none'; base-uri 'self'; block-all-mixed-content; child-src github.com/assets-cdn/worker/ gist.github.com/assets-cdn/worker/; connect-src 'self' uploads.github.com objects-origin.githubusercontent.com www.githubstatus.com collector.githubapp.com api.github.com github-cloud.s3.amazonaws.com github-production-repository-file-5c1aeb.s3.amazonaws.com github-production-upload-manifest-file-7fdce7.s3.amazonaws.com github-production-user-asset-6210df.s3.amazonaws.com cdn.optimizely.com logx.optimizely.com/v1/events translator.github.com wss://alive.github.com; font-src github.githubassets.com; form-action 'self' github.com gist.github.com objects-origin.githubusercontent.com; frame-ancestors 'none'; frame-src render.githubusercontent.com viewscreen.githubusercontent.com notebooks.githubusercontent.com; img-src 'self' data: github.githubassets.com identicons.github.com collector.githubapp.com github-cloud.s3.amazonaws.com secured-user-images.githubusercontent.com/ *.githubusercontent.com; manifest-src 'self'; media-src github.com user-images.githubusercontent.com/; script-src github.githubassets.com; style-src 'unsafe-inline' github.githubassets.com; worker-src github.com/assets-cdn/worker/ gist.github.com/assets-cdn/worker/","x-github-request-id":"CD18:6FBE:49141B:4D2542:617C7481"}
[debug] [2021-10-29T22:24:01.938Z] >>> [apiv2][query] GET https://api.github.com/user [none]
[debug] [2021-10-29T22:24:02.357Z] <<< [apiv2][status] GET https://api.github.com/user 200
[debug] [2021-10-29T22:24:02.357Z] <<< [apiv2][body] GET https://api.github.com/user {"login":"lees73","id":79609876,"node_id":"MDQ6VXNlcjc5NjA5ODc2","avatar_url":"https://avatars.githubusercontent.com/u/79609876?v=4","gravatar_id":"","url":"https://api.github.com/users/lees73","html_url":"https://github.com/lees73","followers_url":"https://api.github.com/users/lees73/followers","following_url":"https://api.github.com/users/lees73/following{/other_user}","gists_url":"https://api.github.com/users/lees73/gists{/gist_id}","starred_url":"https://api.github.com/users/lees73/starred{/owner}{/repo}","subscriptions_url":"https://api.github.com/users/lees73/subscriptions","organizations_url":"https://api.github.com/users/lees73/orgs","repos_url":"https://api.github.com/users/lees73/repos","events_url":"https://api.github.com/users/lees73/events{/privacy}","received_events_url":"https://api.github.com/users/lees73/received_events","type":"User","site_admin":false,"name":null,"company":null,"blog":"","location":null,"email":null,"hireable":null,"bio":null,"twitter_username":null,"public_repos":0,"public_gists":0,"followers":0,"following":0,"created_at":"2021-02-24T22:40:56Z","updated_at":"2021-03-21T17:23:19Z","private_gists":0,"total_private_repos":1,"owned_private_repos":1,"disk_usage":0,"collaborators":0,"two_factor_authentication":false,"plan":{"name":"free","space":976562499,"collaborators":0,"private_repos":10000}}
[info] 
[info] +  Success! Logged into GitHub as lees73 
[info] 
[debug] [2021-10-29T22:24:17.067Z] >>> [apiv2][query] GET https://api.github.com/repos/n/actions/secrets/public-key type=owner
[debug] [2021-10-29T22:24:17.319Z] <<< [apiv2][status] GET https://api.github.com/repos/n/actions/secrets/public-key 404
[debug] [2021-10-29T22:24:17.319Z] <<< [apiv2][body] GET https://api.github.com/repos/n/actions/secrets/public-key {"message":"Not Found","documentation_url":"https://docs.github.com/rest"}
[debug] [2021-10-29T22:24:18.380Z] >>> [apiv2][query] GET https://api.github.com/repos//actions/secrets/public-key type=owner
[debug] [2021-10-29T22:24:18.787Z] <<< [apiv2][status] GET https://api.github.com/repos//actions/secrets/public-key 404
[debug] [2021-10-29T22:24:18.787Z] <<< [apiv2][body] GET https://api.github.com/repos//actions/secrets/public-key {"message":"Not Found","documentation_url":"https://docs.github.com/rest"}
[debug] [2021-10-29T22:24:20.589Z] >>> [apiv2][query] GET https://api.github.com/repos/fsgsdvfrs/actions/secrets/public-key type=owner
[debug] [2021-10-29T22:24:20.837Z] <<< [apiv2][status] GET https://api.github.com/repos/fsgsdvfrs/actions/secrets/public-key 404
[debug] [2021-10-29T22:24:20.837Z] <<< [apiv2][body] GET https://api.github.com/repos/fsgsdvfrs/actions/secrets/public-key {"message":"Not Found","documentation_url":"https://docs.github.com/rest"}
[debug] [2021-10-29T22:24:26.692Z] >>> [apiv2][query] GET https://api.github.com/repos/dfvdff/erfefd/actions/secrets/public-key type=owner
[debug] [2021-10-29T22:24:26.976Z] <<< [apiv2][status] GET https://api.github.com/repos/dfvdff/erfefd/actions/secrets/public-key 404
[debug] [2021-10-29T22:24:26.977Z] <<< [apiv2][body] GET https://api.github.com/repos/dfvdff/erfefd/actions/secrets/public-key {"message":"Not Found","documentation_url":"https://docs.github.com/rest/reference/actions#get-a-repository-public-key"}
[debug] [2021-10-29T22:24:36.009Z] >>> [apiv2][query] GET https://api.github.com/repos/n/actions/secrets/public-key type=owner
[debug] [2021-10-29T22:24:36.526Z] <<< [apiv2][status] GET https://api.github.com/repos/n/actions/secrets/public-key 404
[debug] [2021-10-29T22:24:36.527Z] <<< [apiv2][body] GET https://api.github.com/repos/n/actions/secrets/public-key {"message":"Not Found","documentation_url":"https://docs.github.com/rest"}
[debug] [2021-10-29T22:24:37.828Z] >>> [apiv2][query] GET https://api.github.com/repos/n/actions/secrets/public-key type=owner
[debug] [2021-10-29T22:24:38.067Z] <<< [apiv2][status] GET https://api.github.com/repos/n/actions/secrets/public-key 404
[debug] [2021-10-29T22:24:38.068Z] <<< [apiv2][body] GET https://api.github.com/repos/n/actions/secrets/public-key {"message":"Not Found","documentation_url":"https://docs.github.com/rest"}
[debug] [2021-10-29T22:30:13.385Z] >>> [apiv2][query] GET https://api.github.com/repos/n,bhbkh/actions/secrets/public-key type=owner
[debug] [2021-10-29T22:30:13.783Z] <<< [apiv2][status] GET https://api.github.com/repos/n,bhbkh/actions/secrets/public-key 404
[debug] [2021-10-29T22:30:13.783Z] <<< [apiv2][body] GET https://api.github.com/repos/n,bhbkh/actions/secrets/public-key {"message":"Not Found","documentation_url":"https://docs.github.com/rest"}
[debug] [2021-10-29T22:30:14.716Z] >>> [apiv2][query] GET https://api.github.com/repos//actions/secrets/public-key type=owner
[debug] [2021-10-29T22:30:15.093Z] <<< [apiv2][status] GET https://api.github.com/repos//actions/secrets/public-key 404
[debug] [2021-10-29T22:30:15.093Z] <<< [apiv2][body] GET https://api.github.com/repos//actions/secrets/public-key {"message":"Not Found","documentation_url":"https://docs.github.com/rest"}
[debug] [2021-10-29T22:30:33.879Z] >>> [apiv2][query] GET https://api.github.com/repos/format: no/no/actions/secrets/public-key type=owner
[debug] [2021-10-29T22:30:34.359Z] <<< [apiv2][status] GET https://api.github.com/repos/format: no/no/actions/secrets/public-key 404
[debug] [2021-10-29T22:30:34.360Z] <<< [apiv2][body] GET https://api.github.com/repos/format: no/no/actions/secrets/public-key {"message":"Not Found","documentation_url":"https://docs.github.com/rest/reference/actions#get-a-repository-public-key"}
[debug] [2021-10-29T22:30:36.990Z] >>> [apiv2][query] GET https://api.github.com/repos/no/actions/secrets/public-key type=owner
[debug] [2021-10-29T22:30:37.225Z] <<< [apiv2][status] GET https://api.github.com/repos/no/actions/secrets/public-key 404
[debug] [2021-10-29T22:30:37.226Z] <<< [apiv2][body] GET https://api.github.com/repos/no/actions/secrets/public-key {"message":"Not Found","documentation_url":"https://docs.github.com/rest"}
[debug] [2021-10-29T22:30:38.882Z] >>> [apiv2][query] GET https://api.github.com/repos/no/actions/secrets/public-key type=owner
[debug] [2021-10-29T22:30:39.141Z] <<< [apiv2][status] GET https://api.github.com/repos/no/actions/secrets/public-key 404
[debug] [2021-10-29T22:30:39.142Z] <<< [apiv2][body] GET https://api.github.com/repos/no/actions/secrets/public-key {"message":"Not Found","documentation_url":"https://docs.github.com/rest"}
